<?xml version="1.0" encoding="UTF-8"?>
<!-- Generated by org.testng.reporters.JUnitReportReporter -->
<testsuite hostname="Dell" failures="0" tests="2" name="testnganndemo2" time="0.013" errors="0" timestamp="2022-12-23T20:18:12 CST" skipped="0">
  <testcase classname="testnganndemo2" name="search" time="0.010"/>
  <system-out/>
  <testcase classname="testnganndemo2" name="advancedsearch" time="0.003"/>
  <system-out/>
</testsuite> <!-- testnganndemo2 -->
