<?xml version="1.0" encoding="UTF-8"?>
<!-- Generated by org.testng.reporters.JUnitReportReporter -->
<testsuite hostname="Dell" failures="0" tests="2" name="TestngAnnotations" time="0.026" errors="0" timestamp="2022-12-23T20:17:59 CST" skipped="0">
  <testcase classname="TestngAnnotations" name="search" time="0.021"/>
  <system-out/>
  <testcase classname="TestngAnnotations" name="advancedsearch" time="0.005"/>
  <system-out/>
</testsuite> <!-- TestngAnnotations -->
