<?xml version="1.0" encoding="UTF-8"?>
<!-- Generated by org.testng.reporters.JUnitReportReporter -->
<testsuite hostname="Dell" failures="0" tests="2" name="Class.Class2" time="0.010" errors="0" timestamp="2022-12-23T20:47:41 CST" skipped="0">
  <testcase classname="Class.Class2" name="xyz" time="0.003"/>
  <system-out/>
  <testcase classname="Class.Class2" name="xyz" time="0.007"/>
  <system-out/>
</testsuite> <!-- Class.Class2 -->
