<?xml version="1.0" encoding="UTF-8"?>
<!-- Generated by org.testng.reporters.JUnitReportReporter -->
<testsuite hostname="Dell" failures="0" tests="2" name="Class.class1" time="0.019" errors="0" timestamp="2022-12-23T20:47:41 CST" skipped="0">
  <testcase classname="Class.class1" name="abc" time="0.015"/>
  <system-out/>
  <testcase classname="Class.class1" name="abc" time="0.004"/>
  <system-out/>
</testsuite> <!-- Class.class1 -->
