<?xml version="1.0" encoding="UTF-8"?>
<!-- Generated by org.testng.reporters.JUnitReportReporter -->
<testsuite hostname="Dell" failures="0" tests="2" name="annotations.AllAnnotations" time="0.015" errors="0" timestamp="2022-12-23T21:14:46 CST" skipped="0">
  <testcase classname="annotations.AllAnnotations" name="v" time="0.012"/>
  <system-out/>
  <testcase classname="annotations.AllAnnotations" name="u" time="0.003"/>
  <system-out/>
</testsuite> <!-- annotations.AllAnnotations -->
