<?xml version="1.0" encoding="UTF-8"?>
<!-- Generated by org.testng.reporters.JUnitReportReporter -->
<testsuite hostname="Dell" failures="0" tests="3" name="Firsttest.FirstTest" time="0.022" errors="0" timestamp="2022-12-23T18:32:39 CST" skipped="0">
  <testcase classname="Firsttest.FirstTest" name="openapp" time="0.016"/>
  <system-out/>
  <testcase classname="Firsttest.FirstTest" name="login" time="0.004"/>
  <system-out/>
  <testcase classname="Firsttest.FirstTest" name="close" time="0.002"/>
  <system-out/>
</testsuite> <!-- Firsttest.FirstTest -->
