<?xml version="1.0" encoding="UTF-8"?>
<!-- Generated by org.testng.reporters.JUnitReportReporter -->
<testsuite hostname="Dell" failures="0" tests="3" name="TestNg.SecondTest" time="3.692" errors="0" timestamp="2022-12-23T18:50:57 CST" skipped="0">
  <testcase classname="TestNg.SecondTest" name="openapp" time="2.969"/>
  <system-out/>
  <testcase classname="TestNg.SecondTest" name="loginapp" time="0.651"/>
  <system-out/>
  <testcase classname="TestNg.SecondTest" name="close" time="0.072"/>
  <system-out/>
</testsuite> <!-- TestNg.SecondTest -->
