<?xml version="1.0" encoding="UTF-8"?>
<!-- Generated by org.testng.reporters.JUnitReportReporter -->
<testsuite hostname="Dell" failures="0" tests="10" name="Assertions.Invocationcount" time="0.052" errors="0" timestamp="2022-12-24T16:13:17 CST" skipped="0">
  <testcase classname="Assertions.Invocationcount" name="test" time="0.005"/>
  <system-out/>
  <testcase classname="Assertions.Invocationcount" name="test" time="0.003"/>
  <system-out/>
  <testcase classname="Assertions.Invocationcount" name="test" time="0.003"/>
  <system-out/>
  <testcase classname="Assertions.Invocationcount" name="test" time="0.004"/>
  <system-out/>
  <testcase classname="Assertions.Invocationcount" name="test" time="0.007"/>
  <system-out/>
  <testcase classname="Assertions.Invocationcount" name="test" time="0.020"/>
  <system-out/>
  <testcase classname="Assertions.Invocationcount" name="test" time="0.002"/>
  <system-out/>
  <testcase classname="Assertions.Invocationcount" name="test" time="0.002"/>
  <system-out/>
  <testcase classname="Assertions.Invocationcount" name="test" time="0.003"/>
  <system-out/>
  <testcase classname="Assertions.Invocationcount" name="test" time="0.003"/>
  <system-out/>
</testsuite> <!-- Assertions.Invocationcount -->
