<?xml version="1.0" encoding="UTF-8"?>
<!-- Generated by org.testng.reporters.JUnitReportReporter -->
<testsuite hostname="Dell" failures="0" tests="2" name="Pageobejct.logintest" time="1.926" errors="0" timestamp="2022-12-26T22:07:43 CST" skipped="0">
  <testcase classname="Pageobejct.logintest" name="testlogo" time="0.303"/>
  <system-out/>
  <testcase classname="Pageobejct.logintest" name="login" time="1.623"/>
  <system-out/>
</testsuite> <!-- Pageobejct.logintest -->
