<?xml version="1.0" encoding="UTF-8"?>
<!-- Generated by org.testng.reporters.JUnitReportReporter -->
<testsuite hostname="Dell" failures="0" tests="3" name="Grouping.Grouping" time="0.023" errors="0" timestamp="2022-12-24T10:28:30 CST" skipped="0">
  <testcase classname="Grouping.Grouping" name="signupbyfacebook" time="0.018"/>
  <system-out/>
  <testcase classname="Grouping.Grouping" name="signupbytwitter" time="0.002"/>
  <system-out/>
  <testcase classname="Grouping.Grouping" name="paymentReturnbyBank" time="0.003"/>
  <system-out/>
</testsuite> <!-- Grouping.Grouping -->
