<?xml version="1.0" encoding="UTF-8"?>
<!-- Generated by org.testng.reporters.JUnitReportReporter -->
<testsuite hostname="Dell" failures="0" tests="3" name="Firsttest.NewTest" time="5.412" errors="0" timestamp="2022-12-23T18:20:32 CST" skipped="0">
  <testcase classname="Firsttest.NewTest" name="openapp" time="4.439"/>
  <system-out/>
  <testcase classname="Firsttest.NewTest" name="loginapp" time="0.905"/>
  <system-out/>
  <testcase classname="Firsttest.NewTest" name="close" time="0.068"/>
  <system-out/>
</testsuite> <!-- Firsttest.NewTest -->
