<?xml version="1.0" encoding="UTF-8"?>
<!-- Generated by org.testng.reporters.JUnitReportReporter -->
<testsuite hostname="Dell" failures="0" tests="3" name="TestNg.FirstTest" time="0.033" errors="0" timestamp="2022-12-23T18:50:57 CST" skipped="0">
  <testcase classname="TestNg.FirstTest" name="openapp" time="0.026"/>
  <system-out/>
  <testcase classname="TestNg.FirstTest" name="login" time="0.003"/>
  <system-out/>
  <testcase classname="TestNg.FirstTest" name="close" time="0.004"/>
  <system-out/>
</testsuite> <!-- TestNg.FirstTest -->
